<?xml version="1.0" encoding="UTF-8"?>
<!-- Generated by org.testng.reporters.JUnitXMLReporter -->
<testsuite ignored="0" hostname="DESKTOP-AL5GSUH" failures="0" tests="6" name="Default test" time="16.931" errors="0" timestamp="2025-06-15T01:37:55 IST">
  <testcase classname="TestScripts.Button" name="buttonstatus" time="0.638"/>
  <testcase classname="TestScripts.Button" name="getPosition" time="0.294"/>
  <testcase classname="TestScripts.Button" name="getcolour" time="0.067"/>
  <testcase classname="TestScripts.Button" name="getdimension" time="0.111"/>
  <testcase classname="TestScripts.Button" name="gotohomebutton" time="0.645"/>
  <testcase classname="TestScripts.Button" name="holdButton" time="3.506"/>
</testsuite> <!-- Default test -->
