<?xml version="1.0" encoding="UTF-8"?>
<!-- Generated by org.testng.reporters.JUnitXMLReporter -->
<testsuite ignored="2" hostname="APL-H833F63" failures="0" tests="0" name="Test" time="1.495" errors="0" timestamp="2025-06-09T12:11:52 IST">
  <testcase classname="Reuse.BaseClass" name="@BeforeSuite login" time="0.0">
    <ignored/>
  </testcase> <!-- @BeforeSuite login -->
  <testcase classname="Reuse.BaseClass" name="@BeforeSuite login" time="0.0">
    <ignored/>
  </testcase> <!-- @BeforeSuite login -->
</testsuite> <!-- Test -->
