<?xml version="1.0" encoding="UTF-8"?>
<testng-results ignored="0" total="1" passed="1" failed="0" skipped="0">
  <reporter-output>
  </reporter-output>
  <suite started-at="2025-04-24T12:23:43 IST" name="Default suite" finished-at="2025-04-24T12:23:52 IST" duration-ms="9063">
    <groups>
    </groups>
    <test started-at="2025-04-24T12:23:43 IST" name="Default test" finished-at="2025-04-24T12:23:52 IST" duration-ms="9063">
      <class name="inputfields">
        <test-method signature="input()[pri:0, instance:inputfields@368247b9]" started-at="2025-04-24T12:23:43 IST" name="input" finished-at="2025-04-24T12:23:52 IST" duration-ms="9002" status="PASS">
          <reporter-output>
          </reporter-output>
        </test-method> <!-- input -->
      </class> <!-- inputfields -->
    </test> <!-- Default test -->
  </suite> <!-- Default suite -->
</testng-results>
